c:\users\jeoff\fyp\fibers4u\src\debug\vc120.pdb
c:\users\jeoff\fyp\fibers4u\src\debug\vc120.idb
c:\users\jeoff\fyp\fibers4u\src\debug\basetask.obj
c:\users\jeoff\fyp\fibers4u\src\debug\counter.obj
c:\users\jeoff\fyp\fibers4u\src\debug\fiber.obj
c:\users\jeoff\fyp\fibers4u\src\debug\fiberpool.obj
c:\users\jeoff\fyp\fibers4u\src\debug\threadsleeper.obj
c:\users\jeoff\fyp\fibers4u\src\debug\waitingtask.obj
c:\users\jeoff\fyp\fibers4u\src\debug\worker.obj
c:\users\jeoff\fyp\fibers4u\src\debug\main.obj
c:\users\jeoff\fyp\fibers4u\src\debug\player.obj
c:\users\jeoff\fyp\fibers4u\src\debug\scheduler.obj
c:\users\jeoff\fyp\fibers4u\src\debug\spinlock.obj
c:\users\jeoff\fyp\fibers4u\src\debug\task.obj
c:\users\jeoff\fyp\fibers4u\src\debug\spinuntil.obj
c:\users\jeoff\fyp\fibers4u\debug\fibers.ilk
c:\users\jeoff\fyp\fibers4u\debug\fibers.exe
c:\users\jeoff\fyp\fibers4u\debug\fibers.pdb
c:\users\jeoff\fyp\fibers4u\src\debug\fibers.tlog\cl.command.1.tlog
c:\users\jeoff\fyp\fibers4u\src\debug\fibers.tlog\cl.read.1.tlog
c:\users\jeoff\fyp\fibers4u\src\debug\fibers.tlog\cl.write.1.tlog
c:\users\jeoff\fyp\fibers4u\src\debug\fibers.tlog\link.command.1.tlog
c:\users\jeoff\fyp\fibers4u\src\debug\fibers.tlog\link.read.1.tlog
c:\users\jeoff\fyp\fibers4u\src\debug\fibers.tlog\link.write.1.tlog
