Build started 13/03/2016 15:52:43.
     1>Project "C:\Users\Jeoff\fyp\fibers4u\projv2\projv2.vcxproj" on node 2 (Build target(s)).
     1>ClCompile:
         C:\Program Files (x86)\Microsoft Visual Studio 12.0\VC\bin\CL.exe /c /ZI /nologo /W3 /WX- /sdl /Od /Oy- /D _MBCS /Gm /EHsc /RTC1 /MDd /GS /fp:precise /Zc:wchar_t /Zc:forScope /Fo"Debug\\" /Fd"Debug\vc120.pdb" /Gd /TP /analyze- /errorReport:prompt Player.cpp
         Player.cpp
     1>c:\users\jeoff\fyp\fibers4u\projv2\concurrent.h(45): warning C4244: '=' : conversion from 'double' to 'int', possible loss of data
                 c:\users\jeoff\fyp\fibers4u\projv2\player.cpp(57) : see reference to function template instantiation 'void concurrent<int>::operator =<T>(T2)' being compiled
                 with
                 [
                     T=double
         ,            T2=double
                 ]
                 c:\users\jeoff\fyp\fibers4u\projv2\player.cpp(57) : see reference to function template instantiation 'void concurrent<int>::operator =<T>(T2)' being compiled
                 with
                 [
                     T=double
         ,            T2=double
                 ]
       Link:
         C:\Program Files (x86)\Microsoft Visual Studio 12.0\VC\bin\link.exe /ERRORREPORT:PROMPT /OUT:"C:\Users\Jeoff\fyp\fibers4u\Debug\projv2.exe" /INCREMENTAL /NOLOGO kernel32.lib user32.lib gdi32.lib winspool.lib comdlg32.lib advapi32.lib shell32.lib ole32.lib oleaut32.lib uuid.lib odbc32.lib odbccp32.lib /MANIFEST /MANIFESTUAC:"level='asInvoker' uiAccess='false'" /manifest:embed /DEBUG /PDB:"C:\Users\Jeoff\fyp\fibers4u\Debug\projv2.pdb" /TLBID:1 /DYNAMICBASE /NXCOMPAT /IMPLIB:"C:\Users\Jeoff\fyp\fibers4u\Debug\projv2.lib" /MACHINE:X86 Debug\BaseTask.obj
         Debug\Counter.obj
         Debug\Fiber.obj
         Debug\FiberPool.obj
         Debug\ThreadSleeper.obj
         Debug\WaitingTask.obj
         Debug\Worker.obj
         Debug\main.obj
         Debug\Player.obj
         Debug\Scheduler.obj
         Debug\SpinLock.obj
         Debug\Task.obj
         Debug\SpinUntil.obj
         projv2.vcxproj -> C:\Users\Jeoff\fyp\fibers4u\Debug\projv2.exe
     1>Done Building Project "C:\Users\Jeoff\fyp\fibers4u\projv2\projv2.vcxproj" (Build target(s)).

Build succeeded.

Time Elapsed 00:00:00.84
